<?xml version="1.0" encoding="UTF-8"?>
<testsuites>
  <testsuite name="" tests="18" assertions="18" errors="0" warnings="0" failures="0" skipped="0" time="0.015126">
    <testsuite name="Ui" tests="18" assertions="18" errors="0" warnings="0" failures="0" skipped="0" time="0.015126">
      <testsuite name="Leonidas\Tests\Admin\Ui\Metabox\MetaboxTest" file="/home/vagrant/code/packages/leonidas/public/wp-content/mu-plugins/leonidas/tests/unit/admin/ui/Metabox/MetaboxTest.php" tests="18" assertions="18" errors="0" warnings="0" failures="0" skipped="0" time="0.015126">
        <testcase name="testCanSetAndGetScreen" class="Leonidas\Tests\Admin\Ui\Metabox\MetaboxTest" classname="Leonidas.Tests.Admin.Ui.Metabox.MetaboxTest" file="/home/vagrant/code/packages/leonidas/public/wp-content/mu-plugins/leonidas/tests/unit/admin/ui/Metabox/MetaboxTest.php" line="110" assertions="1" time="0.012498"/>
        <testcase name="testScreenCanBeString" class="Leonidas\Tests\Admin\Ui\Metabox\MetaboxTest" classname="Leonidas.Tests.Admin.Ui.Metabox.MetaboxTest" file="/home/vagrant/code/packages/leonidas/public/wp-content/mu-plugins/leonidas/tests/unit/admin/ui/Metabox/MetaboxTest.php" line="121" assertions="1" time="0.000310"/>
        <testcase name="testCanSetAndGetCallbackArgs" class="Leonidas\Tests\Admin\Ui\Metabox\MetaboxTest" classname="Leonidas.Tests.Admin.Ui.Metabox.MetaboxTest" file="/home/vagrant/code/packages/leonidas/public/wp-content/mu-plugins/leonidas/tests/unit/admin/ui/Metabox/MetaboxTest.php" line="182" assertions="1" time="0.000065"/>
        <testcase name="testCanSetAndGetPriority" class="Leonidas\Tests\Admin\Ui\Metabox\MetaboxTest" classname="Leonidas.Tests.Admin.Ui.Metabox.MetaboxTest" file="/home/vagrant/code/packages/leonidas/public/wp-content/mu-plugins/leonidas/tests/unit/admin/ui/Metabox/MetaboxTest.php" line="171" assertions="1" time="0.000033"/>
        <testcase name="testContextCanBeString" class="Leonidas\Tests\Admin\Ui\Metabox\MetaboxTest" classname="Leonidas.Tests.Admin.Ui.Metabox.MetaboxTest" file="/home/vagrant/code/packages/leonidas/public/wp-content/mu-plugins/leonidas/tests/unit/admin/ui/Metabox/MetaboxTest.php" line="160" assertions="1" time="0.000032"/>
        <testcase name="testCanSetAndGetContext" class="Leonidas\Tests\Admin\Ui\Metabox\MetaboxTest" classname="Leonidas.Tests.Admin.Ui.Metabox.MetaboxTest" file="/home/vagrant/code/packages/leonidas/public/wp-content/mu-plugins/leonidas/tests/unit/admin/ui/Metabox/MetaboxTest.php" line="149" assertions="1" time="0.000030"/>
        <testcase name="testScreenCanBeInstanceOf_WpScreen" class="Leonidas\Tests\Admin\Ui\Metabox\MetaboxTest" classname="Leonidas.Tests.Admin.Ui.Metabox.MetaboxTest" file="/home/vagrant/code/packages/leonidas/public/wp-content/mu-plugins/leonidas/tests/unit/admin/ui/Metabox/MetaboxTest.php" line="137" assertions="1" time="0.001281"/>
        <testcase name="testScreenCanBeArrah" class="Leonidas\Tests\Admin\Ui\Metabox\MetaboxTest" classname="Leonidas.Tests.Admin.Ui.Metabox.MetaboxTest" file="/home/vagrant/code/packages/leonidas/public/wp-content/mu-plugins/leonidas/tests/unit/admin/ui/Metabox/MetaboxTest.php" line="129" assertions="1" time="0.000033"/>
        <testcase name="testIsConstructable" class="Leonidas\Tests\Admin\Ui\Metabox\MetaboxTest" classname="Leonidas.Tests.Admin.Ui.Metabox.MetaboxTest" file="/home/vagrant/code/packages/leonidas/public/wp-content/mu-plugins/leonidas/tests/unit/admin/ui/Metabox/MetaboxTest.php" line="34" assertions="1" time="0.000032"/>
        <testcase name="testConstructsWithId" class="Leonidas\Tests\Admin\Ui\Metabox\MetaboxTest" classname="Leonidas.Tests.Admin.Ui.Metabox.MetaboxTest" file="/home/vagrant/code/packages/leonidas/public/wp-content/mu-plugins/leonidas/tests/unit/admin/ui/Metabox/MetaboxTest.php" line="42" assertions="1" time="0.000557"/>
        <testcase name="testCanGetTitle" class="Leonidas\Tests\Admin\Ui\Metabox\MetaboxTest" classname="Leonidas.Tests.Admin.Ui.Metabox.MetaboxTest" file="/home/vagrant/code/packages/leonidas/public/wp-content/mu-plugins/leonidas/tests/unit/admin/ui/Metabox/MetaboxTest.php" line="100" assertions="1" time="0.000033"/>
        <testcase name="testCanGetId" class="Leonidas\Tests\Admin\Ui\Metabox\MetaboxTest" classname="Leonidas.Tests.Admin.Ui.Metabox.MetaboxTest" file="/home/vagrant/code/packages/leonidas/public/wp-content/mu-plugins/leonidas/tests/unit/admin/ui/Metabox/MetaboxTest.php" line="90" assertions="1" time="0.000031"/>
        <testcase name="testIsInstanceOf_MetaboxInterface" class="Leonidas\Tests\Admin\Ui\Metabox\MetaboxTest" classname="Leonidas.Tests.Admin.Ui.Metabox.MetaboxTest" file="/home/vagrant/code/packages/leonidas/public/wp-content/mu-plugins/leonidas/tests/unit/admin/ui/Metabox/MetaboxTest.php" line="82" assertions="1" time="0.000031"/>
        <testcase name="testConstructsWithLayout" class="Leonidas\Tests\Admin\Ui\Metabox\MetaboxTest" classname="Leonidas.Tests.Admin.Ui.Metabox.MetaboxTest" file="/home/vagrant/code/packages/leonidas/public/wp-content/mu-plugins/leonidas/tests/unit/admin/ui/Metabox/MetaboxTest.php" line="74" assertions="1" time="0.000032"/>
        <testcase name="testConstructsWithPriority" class="Leonidas\Tests\Admin\Ui\Metabox\MetaboxTest" classname="Leonidas.Tests.Admin.Ui.Metabox.MetaboxTest" file="/home/vagrant/code/packages/leonidas/public/wp-content/mu-plugins/leonidas/tests/unit/admin/ui/Metabox/MetaboxTest.php" line="66" assertions="1" time="0.000030"/>
        <testcase name="testConstructsWithContext" class="Leonidas\Tests\Admin\Ui\Metabox\MetaboxTest" classname="Leonidas.Tests.Admin.Ui.Metabox.MetaboxTest" file="/home/vagrant/code/packages/leonidas/public/wp-content/mu-plugins/leonidas/tests/unit/admin/ui/Metabox/MetaboxTest.php" line="58" assertions="1" time="0.000030"/>
        <testcase name="testConstructsWithTitle" class="Leonidas\Tests\Admin\Ui\Metabox\MetaboxTest" classname="Leonidas.Tests.Admin.Ui.Metabox.MetaboxTest" file="/home/vagrant/code/packages/leonidas/public/wp-content/mu-plugins/leonidas/tests/unit/admin/ui/Metabox/MetaboxTest.php" line="50" assertions="1" time="0.000029"/>
        <testcase name="testCanGetLayout" class="Leonidas\Tests\Admin\Ui\Metabox\MetaboxTest" classname="Leonidas.Tests.Admin.Ui.Metabox.MetaboxTest" file="/home/vagrant/code/packages/leonidas/public/wp-content/mu-plugins/leonidas/tests/unit/admin/ui/Metabox/MetaboxTest.php" line="193" assertions="1" time="0.000038"/>
      </testsuite>
    </testsuite>
  </testsuite>
</testsuites>
